{
  "stats": {
    "suites": 11,
    "tests": 22,
    "passes": 18,
    "pending": 0,
    "failures": 4,
    "start": "2021-07-27T19:54:43.112Z",
    "end": "2021-07-27T19:55:22.066Z",
    "duration": 38954,
    "testsRegistered": 22,
    "passPercent": 81.81818181818183,
    "pendingPercent": 0,
    "other": 0,
    "hasOther": false,
    "skipped": 0,
    "hasSkipped": false
  },
  "results": [
    {
      "uuid": "8e21e622-d94b-43a2-a32f-63e3cebcd867",
      "title": "",
      "fullFile": "cypress/integration/project.spec.js",
      "file": "cypress/integration/project.spec.js",
      "beforeHooks": [],
      "afterHooks": [],
      "tests": [],
      "suites": [
        {
          "uuid": "0f849973-dc47-441f-a26d-b06be771b48d",
          "title": "1 - Adicione uma cor de fundo específica para a página",
          "fullFile": "",
          "file": "",
          "beforeHooks": [],
          "afterHooks": [],
          "tests": [
            {
              "title": "Possuir cor de fundo: rgb(253, 251, 251)",
              "fullTitle": "1 - Adicione uma cor de fundo específica para a página Possuir cor de fundo: rgb(253, 251, 251)",
              "timedOut": null,
              "duration": 121,
              "state": "passed",
              "speed": "slow",
              "pass": true,
              "fail": false,
              "pending": false,
              "context": null,
              "code": "cy.get('body').should('have.css', 'backgroundColor', 'rgb(253, 251, 251)');",
              "err": {},
              "uuid": "6287ccb5-9fdf-4307-81fe-33b69bd34035",
              "parentUUID": "0f849973-dc47-441f-a26d-b06be771b48d",
              "isHook": false,
              "skipped": false
            }
          ],
          "suites": [],
          "passes": [
            "6287ccb5-9fdf-4307-81fe-33b69bd34035"
          ],
          "failures": [],
          "pending": [],
          "skipped": [],
          "duration": 121,
          "root": false,
          "rootEmpty": false,
          "_timeout": 2000
        },
        {
          "uuid": "a2ac67b9-594e-4414-9c09-7315839b4194",
          "title": "2 - Adicione uma barra superior com um título",
          "fullFile": "",
          "file": "",
          "beforeHooks": [],
          "afterHooks": [],
          "tests": [
            {
              "title": "A barra deve possuir o ID \"cabecalho\"",
              "fullTitle": "2 - Adicione uma barra superior com um título A barra deve possuir o ID \"cabecalho\"",
              "timedOut": null,
              "duration": 96,
              "state": "passed",
              "speed": "slow",
              "pass": true,
              "fail": false,
              "pending": false,
              "context": null,
              "code": "(0, _ActionBase.shouldExist)('#cabecalho');",
              "err": {},
              "uuid": "fdc3b4af-0090-411b-81af-7dee75a89275",
              "parentUUID": "a2ac67b9-594e-4414-9c09-7315839b4194",
              "isHook": false,
              "skipped": false
            },
            {
              "title": "A barra superior deve ser fixa no topo da página, com a propriedade top tendo o valor `0`",
              "fullTitle": "2 - Adicione uma barra superior com um título A barra superior deve ser fixa no topo da página, com a propriedade top tendo o valor `0`",
              "timedOut": null,
              "duration": 83,
              "state": "passed",
              "speed": "slow",
              "pass": true,
              "fail": false,
              "pending": false,
              "context": null,
              "code": "cy.get('#cabecalho').should('have.css', 'position', 'fixed').should('have.css', 'top', '0px');",
              "err": {},
              "uuid": "7af122bf-e342-499c-a1b6-ebef2478ac3c",
              "parentUUID": "a2ac67b9-594e-4414-9c09-7315839b4194",
              "isHook": false,
              "skipped": false
            },
            {
              "title": "O título deve estar dentro da barra e possuir o ID \"titulo\", além de ser uma tag \"h1\"",
              "fullTitle": "2 - Adicione uma barra superior com um título O título deve estar dentro da barra e possuir o ID \"titulo\", além de ser uma tag \"h1\"",
              "timedOut": null,
              "duration": 77,
              "state": "passed",
              "speed": "slow",
              "pass": true,
              "fail": false,
              "pending": false,
              "context": null,
              "code": "(0, _ActionBase.shouldExist)('#cabecalho h1#titulo');",
              "err": {},
              "uuid": "e17191b2-6193-436e-a64d-a5a112dc164b",
              "parentUUID": "a2ac67b9-594e-4414-9c09-7315839b4194",
              "isHook": false,
              "skipped": false
            }
          ],
          "suites": [],
          "passes": [
            "fdc3b4af-0090-411b-81af-7dee75a89275",
            "7af122bf-e342-499c-a1b6-ebef2478ac3c",
            "e17191b2-6193-436e-a64d-a5a112dc164b"
          ],
          "failures": [],
          "pending": [],
          "skipped": [],
          "duration": 256,
          "root": false,
          "rootEmpty": false,
          "_timeout": 2000
        },
        {
          "uuid": "af40f45c-9c62-435d-ae13-4625503d122f",
          "title": "3 - Adicione uma foto sua à página",
          "fullFile": "",
          "file": "",
          "beforeHooks": [],
          "afterHooks": [],
          "tests": [
            {
              "title": "A foto deve ser inserida utilizando uma tag img com o ID \"minha_foto\"",
              "fullTitle": "3 - Adicione uma foto sua à página A foto deve ser inserida utilizando uma tag img com o ID \"minha_foto\"",
              "timedOut": null,
              "duration": 96,
              "state": "passed",
              "speed": "slow",
              "pass": true,
              "fail": false,
              "pending": false,
              "context": null,
              "code": "cy.get('img#minha_foto').should('have.attr', 'src');",
              "err": {},
              "uuid": "c964bf4c-837a-4419-9fd6-c763ae5de59b",
              "parentUUID": "af40f45c-9c62-435d-ae13-4625503d122f",
              "isHook": false,
              "skipped": false
            }
          ],
          "suites": [],
          "passes": [
            "c964bf4c-837a-4419-9fd6-c763ae5de59b"
          ],
          "failures": [],
          "pending": [],
          "skipped": [],
          "duration": 96,
          "root": false,
          "rootEmpty": false,
          "_timeout": 2000
        },
        {
          "uuid": "4eedff72-556b-41ca-9322-14c8891db7a3",
          "title": "4 - Adicione uma lista de lições aprendidas à página",
          "fullFile": "",
          "file": "",
          "beforeHooks": [],
          "afterHooks": [],
          "tests": [
            {
              "title": "A lista deve ser numerada e possuir o ID \"licoes_aprendidas\"",
              "fullTitle": "4 - Adicione uma lista de lições aprendidas à página A lista deve ser numerada e possuir o ID \"licoes_aprendidas\"",
              "timedOut": null,
              "duration": 103,
              "state": "passed",
              "speed": "slow",
              "pass": true,
              "fail": false,
              "pending": false,
              "context": null,
              "code": "(0, _ActionBase.shouldExist)('ol#licoes_aprendidas');",
              "err": {},
              "uuid": "a7b37c2f-5249-41a7-88cc-36e46cb5b06d",
              "parentUUID": "4eedff72-556b-41ca-9322-14c8891db7a3",
              "isHook": false,
              "skipped": false
            },
            {
              "title": "A lista deve possuir 10 itens",
              "fullTitle": "4 - Adicione uma lista de lições aprendidas à página A lista deve possuir 10 itens",
              "timedOut": null,
              "duration": 131,
              "state": "passed",
              "speed": "slow",
              "pass": true,
              "fail": false,
              "pending": false,
              "context": null,
              "code": "cy.get('ol#licoes_aprendidas').find('li').should('have.length', 10);",
              "err": {},
              "uuid": "d002d4d6-cd3c-4357-8c2c-a7b17e37171a",
              "parentUUID": "4eedff72-556b-41ca-9322-14c8891db7a3",
              "isHook": false,
              "skipped": false
            }
          ],
          "suites": [],
          "passes": [
            "a7b37c2f-5249-41a7-88cc-36e46cb5b06d",
            "d002d4d6-cd3c-4357-8c2c-a7b17e37171a"
          ],
          "failures": [],
          "pending": [],
          "skipped": [],
          "duration": 234,
          "root": false,
          "rootEmpty": false,
          "_timeout": 2000
        },
        {
          "uuid": "7718b744-8a3d-477c-80a5-0416bbb174f5",
          "title": "5 - Crie uma lista de lições que ainda deseja aprender para a página",
          "fullFile": "",
          "file": "",
          "beforeHooks": [],
          "afterHooks": [],
          "tests": [
            {
              "title": "A lista não deve ser numerada e deve possuir o ID \"licoes_a_aprender\"",
              "fullTitle": "5 - Crie uma lista de lições que ainda deseja aprender para a página A lista não deve ser numerada e deve possuir o ID \"licoes_a_aprender\"",
              "timedOut": null,
              "duration": 108,
              "state": "passed",
              "speed": "slow",
              "pass": true,
              "fail": false,
              "pending": false,
              "context": null,
              "code": "(0, _ActionBase.shouldExist)('ul#licoes_a_aprender');",
              "err": {},
              "uuid": "bcc621dc-70e8-459f-9e08-2be04be5573b",
              "parentUUID": "7718b744-8a3d-477c-80a5-0416bbb174f5",
              "isHook": false,
              "skipped": false
            },
            {
              "title": "A lista deve possuir 10 itens",
              "fullTitle": "5 - Crie uma lista de lições que ainda deseja aprender para a página A lista deve possuir 10 itens",
              "timedOut": null,
              "duration": 101,
              "state": "passed",
              "speed": "slow",
              "pass": true,
              "fail": false,
              "pending": false,
              "context": null,
              "code": "cy.get('ul#licoes_a_aprender').find('li').should('have.length', 10);",
              "err": {},
              "uuid": "6f95b490-57b5-47c0-a7d8-37455d6b3123",
              "parentUUID": "7718b744-8a3d-477c-80a5-0416bbb174f5",
              "isHook": false,
              "skipped": false
            }
          ],
          "suites": [],
          "passes": [
            "bcc621dc-70e8-459f-9e08-2be04be5573b",
            "6f95b490-57b5-47c0-a7d8-37455d6b3123"
          ],
          "failures": [],
          "pending": [],
          "skipped": [],
          "duration": 209,
          "root": false,
          "rootEmpty": false,
          "_timeout": 2000
        },
        {
          "uuid": "c828821d-146b-400e-840c-a0ff327bdd9e",
          "title": "6 - Adicione um rodapé para a página",
          "fullFile": "",
          "file": "",
          "beforeHooks": [],
          "afterHooks": [],
          "tests": [
            {
              "title": "O rodapé deve possuir o ID \"rodape\"",
              "fullTitle": "6 - Adicione um rodapé para a página O rodapé deve possuir o ID \"rodape\"",
              "timedOut": null,
              "duration": 99,
              "state": "passed",
              "speed": "slow",
              "pass": true,
              "fail": false,
              "pending": false,
              "context": null,
              "code": "cy.get('footer#rodape').should('exist');",
              "err": {},
              "uuid": "64f55d69-2e29-46e5-989f-8dfec53fde2f",
              "parentUUID": "c828821d-146b-400e-840c-a0ff327bdd9e",
              "isHook": false,
              "skipped": false
            }
          ],
          "suites": [],
          "passes": [
            "64f55d69-2e29-46e5-989f-8dfec53fde2f"
          ],
          "failures": [],
          "pending": [],
          "skipped": [],
          "duration": 99,
          "root": false,
          "rootEmpty": false,
          "_timeout": 2000
        },
        {
          "uuid": "1fb993c2-5028-4649-9fc6-cdbac6c71be7",
          "title": "7 - Insira pelo menos um link externo na página",
          "fullFile": "",
          "file": "",
          "beforeHooks": [],
          "afterHooks": [],
          "tests": [
            {
              "title": "A configuração desse link deve ser feita para abrir em uma nova aba do navegador",
              "fullTitle": "7 - Insira pelo menos um link externo na página A configuração desse link deve ser feita para abrir em uma nova aba do navegador",
              "timedOut": null,
              "duration": 94,
              "state": "passed",
              "speed": "slow",
              "pass": true,
              "fail": false,
              "pending": false,
              "context": null,
              "code": "cy.get('a').then(function (a) {\n  var actual = Array.from(a).some(function (element) {\n    return element.target === '_blank' && element.href !== '';\n  });\n  expect(actual).to.be[\"true\"];\n});",
              "err": {},
              "uuid": "c0ba6ea9-0aa9-4e9a-8f8b-1bbee18f8c15",
              "parentUUID": "1fb993c2-5028-4649-9fc6-cdbac6c71be7",
              "isHook": false,
              "skipped": false
            }
          ],
          "suites": [],
          "passes": [
            "c0ba6ea9-0aa9-4e9a-8f8b-1bbee18f8c15"
          ],
          "failures": [],
          "pending": [],
          "skipped": [],
          "duration": 94,
          "root": false,
          "rootEmpty": false,
          "_timeout": 2000
        },
        {
          "uuid": "7413af55-1a49-4ca7-ae0c-69763955ec96",
          "title": "8 - Crie um artigo sobre seu aprendizado",
          "fullFile": "",
          "file": "",
          "beforeHooks": [],
          "afterHooks": [],
          "tests": [
            {
              "title": "A `tag` `article` devem ser utilizadas",
              "fullTitle": "8 - Crie um artigo sobre seu aprendizado A `tag` `article` devem ser utilizadas",
              "timedOut": null,
              "duration": 103,
              "state": "passed",
              "speed": "slow",
              "pass": true,
              "fail": false,
              "pending": false,
              "context": null,
              "code": "(0, _ActionBase.shouldExist)('article');",
              "err": {},
              "uuid": "1e77f335-06d1-4bbf-a0a1-e8f9e46c5021",
              "parentUUID": "7413af55-1a49-4ca7-ae0c-69763955ec96",
              "isHook": false,
              "skipped": false
            },
            {
              "title": "O artigo deve ter mais de 300 caracteres e menos de 600",
              "fullTitle": "8 - Crie um artigo sobre seu aprendizado O artigo deve ter mais de 300 caracteres e menos de 600",
              "timedOut": null,
              "duration": 96,
              "state": "passed",
              "speed": "slow",
              "pass": true,
              "fail": false,
              "pending": false,
              "context": null,
              "code": "cy.get('article').invoke('text').then(function (text) {\n  expect(text).to.have.length.of.at.most(600);\n  expect(text).to.have.length.of.at.above(300);\n});",
              "err": {},
              "uuid": "6c88297b-b47d-4ff3-98cf-fe9cf16caf77",
              "parentUUID": "7413af55-1a49-4ca7-ae0c-69763955ec96",
              "isHook": false,
              "skipped": false
            }
          ],
          "suites": [],
          "passes": [
            "1e77f335-06d1-4bbf-a0a1-e8f9e46c5021",
            "6c88297b-b47d-4ff3-98cf-fe9cf16caf77"
          ],
          "failures": [],
          "pending": [],
          "skipped": [],
          "duration": 199,
          "root": false,
          "rootEmpty": false,
          "_timeout": 2000
        },
        {
          "uuid": "6338114d-357b-424a-94ff-26450e4584ff",
          "title": "9 - Crie uma seção que conta uma passagem sobre seu aprendizado",
          "fullFile": "",
          "file": "",
          "beforeHooks": [],
          "afterHooks": [],
          "tests": [
            {
              "title": "A `tag` `aside` deve ser utilizada",
              "fullTitle": "9 - Crie uma seção que conta uma passagem sobre seu aprendizado A `tag` `aside` deve ser utilizada",
              "timedOut": null,
              "duration": 93,
              "state": "passed",
              "speed": "slow",
              "pass": true,
              "fail": false,
              "pending": false,
              "context": null,
              "code": "(0, _ActionBase.shouldExist)('aside');",
              "err": {},
              "uuid": "fe894955-034e-43ab-9fed-784e92ae0877",
              "parentUUID": "6338114d-357b-424a-94ff-26450e4584ff",
              "isHook": false,
              "skipped": false
            },
            {
              "title": "A seção deve ter mais que 100 caracteres e menos que 300",
              "fullTitle": "9 - Crie uma seção que conta uma passagem sobre seu aprendizado A seção deve ter mais que 100 caracteres e menos que 300",
              "timedOut": null,
              "duration": 110,
              "state": "failed",
              "speed": null,
              "pass": false,
              "fail": true,
              "pending": false,
              "context": null,
              "code": "cy.get('aside').invoke('text').then(function (text) {\n  expect(text).to.have.length.of.at.above(100);\n  expect(text).to.have.length.of.at.most(300);\n});",
              "err": {
                "message": "AssertionError: expected '\\n    Um dia de aprendizado\\n    Quando chegamos na parte do curso que ensinava sobre display inline, block e inline-block, foi um alívio! Eu havia testado esse comando em exercícios dos dias anteriores e não conseguia aplicar de maneira objetiva, apenas no \"chute\". Agora entendo melhor como ele se aplica.\\n  ' to have a length at most 300 but got 308",
                "estack": "AssertionError: expected '\\n    Um dia de aprendizado\\n    Quando chegamos na parte do curso que ensinava sobre display inline, block e inline-block, foi um alívio! Eu havia testado esse comando em exercícios dos dias anteriores e não conseguia aplicar de maneira objetiva, apenas no \"chute\". Agora entendo melhor como ele se aplica.\\n  ' to have a length at most 300 but got 308\n    at Context.eval (http://localhost:41239/__cypress/tests?p=cypress/integration/project.spec.js:240:41)",
                "diff": "- 308\n+ 300\n"
              },
              "uuid": "d21b0dfe-0021-4265-a706-bf15e1fbfe49",
              "parentUUID": "6338114d-357b-424a-94ff-26450e4584ff",
              "isHook": false,
              "skipped": false
            }
          ],
          "suites": [],
          "passes": [
            "fe894955-034e-43ab-9fed-784e92ae0877"
          ],
          "failures": [
            "d21b0dfe-0021-4265-a706-bf15e1fbfe49"
          ],
          "pending": [],
          "skipped": [],
          "duration": 203,
          "root": false,
          "rootEmpty": false,
          "_timeout": 2000
        },
        {
          "uuid": "56bf9ed5-71e7-49ea-8b17-06f92c244772",
          "title": "10 - Aplique elementos HTML de acordo com o sentido e propósito de cada um deles",
          "fullFile": "",
          "file": "",
          "beforeHooks": [],
          "afterHooks": [],
          "tests": [
            {
              "title": "Validar se a página possui um elemento \"article\"",
              "fullTitle": "10 - Aplique elementos HTML de acordo com o sentido e propósito de cada um deles Validar se a página possui um elemento \"article\"",
              "timedOut": null,
              "duration": 130,
              "state": "passed",
              "speed": "slow",
              "pass": true,
              "fail": false,
              "pending": false,
              "context": null,
              "code": "(0, _ActionBase.shouldExist)('article');",
              "err": {},
              "uuid": "f3f38f9e-e094-449a-9ae9-904163479f3e",
              "parentUUID": "56bf9ed5-71e7-49ea-8b17-06f92c244772",
              "isHook": false,
              "skipped": false
            },
            {
              "title": "Validar se a página possui um elemento \"header\"",
              "fullTitle": "10 - Aplique elementos HTML de acordo com o sentido e propósito de cada um deles Validar se a página possui um elemento \"header\"",
              "timedOut": null,
              "duration": 97,
              "state": "passed",
              "speed": "slow",
              "pass": true,
              "fail": false,
              "pending": false,
              "context": null,
              "code": "(0, _ActionBase.shouldExist)('header');",
              "err": {},
              "uuid": "0de11b7c-8d9d-4911-9596-2b353b52fb80",
              "parentUUID": "56bf9ed5-71e7-49ea-8b17-06f92c244772",
              "isHook": false,
              "skipped": false
            },
            {
              "title": "Validar se a página possui um elemento \"nav\"",
              "fullTitle": "10 - Aplique elementos HTML de acordo com o sentido e propósito de cada um deles Validar se a página possui um elemento \"nav\"",
              "timedOut": null,
              "duration": 10104,
              "state": "failed",
              "speed": null,
              "pass": false,
              "fail": true,
              "pending": false,
              "context": null,
              "code": "(0, _ActionBase.shouldExist)('nav');",
              "err": {
                "message": "AssertionError: Timed out retrying: Expected to find element: `nav`, but never found it.",
                "estack": "AssertionError: Timed out retrying: Expected to find element: `nav`, but never found it.\n    at shouldExist (http://localhost:41239/__cypress/tests?p=cypress/integration/project.spec.js:108:20)\n    at Context.eval (http://localhost:41239/__cypress/tests?p=cypress/integration/project.spec.js:255:33)",
                "diff": null
              },
              "uuid": "311a2eb7-6d8a-4f63-a7c2-140f8b8f3f68",
              "parentUUID": "56bf9ed5-71e7-49ea-8b17-06f92c244772",
              "isHook": false,
              "skipped": false
            },
            {
              "title": "Validar se a página possui um elemento \"section\"",
              "fullTitle": "10 - Aplique elementos HTML de acordo com o sentido e propósito de cada um deles Validar se a página possui um elemento \"section\"",
              "timedOut": null,
              "duration": 10093,
              "state": "failed",
              "speed": null,
              "pass": false,
              "fail": true,
              "pending": false,
              "context": null,
              "code": "(0, _ActionBase.shouldExist)('section');",
              "err": {
                "message": "AssertionError: Timed out retrying: Expected to find element: `section`, but never found it.",
                "estack": "AssertionError: Timed out retrying: Expected to find element: `section`, but never found it.\n    at shouldExist (http://localhost:41239/__cypress/tests?p=cypress/integration/project.spec.js:108:20)\n    at Context.eval (http://localhost:41239/__cypress/tests?p=cypress/integration/project.spec.js:258:33)",
                "diff": null
              },
              "uuid": "88cf4915-ee5b-460b-9afa-10276cfad533",
              "parentUUID": "56bf9ed5-71e7-49ea-8b17-06f92c244772",
              "isHook": false,
              "skipped": false
            },
            {
              "title": "Validar se a página possui um elemento \"aside\"",
              "fullTitle": "10 - Aplique elementos HTML de acordo com o sentido e propósito de cada um deles Validar se a página possui um elemento \"aside\"",
              "timedOut": null,
              "duration": 118,
              "state": "passed",
              "speed": "slow",
              "pass": true,
              "fail": false,
              "pending": false,
              "context": null,
              "code": "(0, _ActionBase.shouldExist)('aside');",
              "err": {},
              "uuid": "ac937e8c-34e1-496b-bfbc-21205e6bd797",
              "parentUUID": "56bf9ed5-71e7-49ea-8b17-06f92c244772",
              "isHook": false,
              "skipped": false
            },
            {
              "title": "Validar se a página possui um elemento \"footer\"",
              "fullTitle": "10 - Aplique elementos HTML de acordo com o sentido e propósito de cada um deles Validar se a página possui um elemento \"footer\"",
              "timedOut": null,
              "duration": 96,
              "state": "passed",
              "speed": "slow",
              "pass": true,
              "fail": false,
              "pending": false,
              "context": null,
              "code": "(0, _ActionBase.shouldExist)('footer');",
              "err": {},
              "uuid": "fd7378f1-51df-451f-a268-cb37e6ea6e82",
              "parentUUID": "56bf9ed5-71e7-49ea-8b17-06f92c244772",
              "isHook": false,
              "skipped": false
            }
          ],
          "suites": [],
          "passes": [
            "f3f38f9e-e094-449a-9ae9-904163479f3e",
            "0de11b7c-8d9d-4911-9596-2b353b52fb80",
            "ac937e8c-34e1-496b-bfbc-21205e6bd797",
            "fd7378f1-51df-451f-a268-cb37e6ea6e82"
          ],
          "failures": [
            "311a2eb7-6d8a-4f63-a7c2-140f8b8f3f68",
            "88cf4915-ee5b-460b-9afa-10276cfad533"
          ],
          "pending": [],
          "skipped": [],
          "duration": 20638,
          "root": false,
          "rootEmpty": false,
          "_timeout": 2000
        },
        {
          "uuid": "893d87db-bd25-4c77-ac46-fa1a287f5d20",
          "title": "11 - Teste a semântica da sua página está aprovada pelo site CodeSniffer",
          "fullFile": "",
          "file": "",
          "beforeHooks": [],
          "afterHooks": [],
          "tests": [
            {
              "title": "Seu site deve passar sem problemas na verificação de semântica do site CodeSniffer",
              "fullTitle": "11 - Teste a semântica da sua página está aprovada pelo site CodeSniffer Seu site deve passar sem problemas na verificação de semântica do site CodeSniffer",
              "timedOut": null,
              "duration": 10059,
              "state": "failed",
              "speed": null,
              "pass": false,
              "fail": true,
              "pending": false,
              "context": null,
              "code": "cy.readFile('./index.html').then(function (content) {\n  cy.visit('http://squizlabs.github.io/HTML_CodeSniffer/');\n  cy.get('#runHTMLCS').click();\n  cy.get('#source').invoke('val', content).trigger('input');\n  cy.get('#run-button').click();\n  cy.get('.result-count-errors').contains(/^0$/);\n});",
              "err": {
                "message": "CypressError: Timed out after waiting `10000ms` for your remote page to load.\n\nYour page did not fire its `load` event within `10000ms`.\n\nYou can try increasing the `pageLoadTimeout` value in `cypress.json` to wait longer.\n\nBrowsers will not fire the `load` event until all stylesheets and scripts are done downloading.\n\nWhen this `load` event occurs, Cypress will continue running commands.",
                "estack": "CypressError: Timed out after waiting `10000ms` for your remote page to load.\n\nYour page did not fire its `load` event within `10000ms`.\n\nYou can try increasing the `pageLoadTimeout` value in `cypress.json` to wait longer.\n\nBrowsers will not fire the `load` event until all stylesheets and scripts are done downloading.\n\nWhen this `load` event occurs, Cypress will continue running commands.\n    at timedOutWaitingForPageLoad (http://squizlabs.github.io/__cypress/runner/cypress_runner.js:156855:13)\n    at http://squizlabs.github.io/__cypress/runner/cypress_runner.js:157843:16\n    at tryCatcher (http://squizlabs.github.io/__cypress/runner/cypress_runner.js:10325:23)\n    at http://squizlabs.github.io/__cypress/runner/cypress_runner.js:5447:41\n    at tryCatcher (http://squizlabs.github.io/__cypress/runner/cypress_runner.js:10325:23)\n    at Promise._settlePromiseFromHandler (http://squizlabs.github.io/__cypress/runner/cypress_runner.js:8260:31)\n    at Promise._settlePromise (http://squizlabs.github.io/__cypress/runner/cypress_runner.js:8317:18)\n    at Promise._settlePromise0 (http://squizlabs.github.io/__cypress/runner/cypress_runner.js:8362:10)\n    at Promise._settlePromises (http://squizlabs.github.io/__cypress/runner/cypress_runner.js:8438:18)\n    at _drainQueueStep (http://squizlabs.github.io/__cypress/runner/cypress_runner.js:5032:12)\n    at _drainQueue (http://squizlabs.github.io/__cypress/runner/cypress_runner.js:5025:9)\n    at Async.../../node_modules/bluebird/js/release/async.js.Async._drainQueues (http://squizlabs.github.io/__cypress/runner/cypress_runner.js:5041:5)\n    at Async.drainQueues (http://squizlabs.github.io/__cypress/runner/cypress_runner.js:4911:14)\nFrom Your Spec Code:\n    at Context.eval (http://squizlabs.github.io/__cypress/tests?p=cypress/integration/project.spec.js:270:10)",
                "diff": null
              },
              "uuid": "a284d17e-3b65-4322-a7ca-eaaed6480a59",
              "parentUUID": "893d87db-bd25-4c77-ac46-fa1a287f5d20",
              "isHook": false,
              "skipped": false
            }
          ],
          "suites": [],
          "passes": [],
          "failures": [
            "a284d17e-3b65-4322-a7ca-eaaed6480a59"
          ],
          "pending": [],
          "skipped": [],
          "duration": 10059,
          "root": false,
          "rootEmpty": false,
          "_timeout": 2000
        }
      ],
      "passes": [],
      "failures": [],
      "pending": [],
      "skipped": [],
      "duration": 0,
      "root": true,
      "rootEmpty": true,
      "_timeout": 2000
    }
  ],
  "meta": {
    "mocha": {
      "version": "7.0.1"
    },
    "mochawesome": {
      "options": {
        "quiet": false,
        "reportFilename": "mochawesome",
        "saveHtml": false,
        "saveJson": true,
        "consoleReporter": "spec",
        "useInlineDiffs": false
      },
      "version": "4.1.0"
    },
    "marge": {
      "options": {
        "id": "default",
        "reportDir": "cypress/reports",
        "overwrite": false,
        "html": false,
        "json": true
      },
      "version": "4.1.0"
    }
  }
}